[2025-01-04 03:08:08] Server directories initialized successfully.
[2025-01-04 03:08:11] Checked existence of user Ahmed: Does not exist.
[2025-01-04 03:08:13] Server directories initialized successfully.
[2025-01-04 03:08:14] Checked existence of user Ahmed: Does not exist.
[2025-01-04 03:08:22] User Ahmed successfully enrolled with public key.
[2025-01-04 03:08:35] Server directories initialized successfully.
[2025-01-04 03:08:37] Checked existence of user : Does not exist.
[2025-01-04 03:08:41] Server directories initialized successfully.
[2025-01-04 03:08:43] Checked existence of user Ahmed: Exists.
[2025-01-04 03:08:43] Public key successfully loaded for user Ahmed.
[2025-01-04 03:08:55] User Ahmed successfully authenticated.
[2025-01-04 03:09:12] Starting COBRA decryption for file 'Logo_original.png.enc' by user Ahmed.
[2025-01-04 03:09:13] COBRA decryption completed for file 'Logo_original.png.enc'.
[2025-01-04 03:09:13] Public key successfully loaded for user Ahmed.
[2025-01-04 03:09:13] HMAC verification succeeded for file 'Logo_original.png.enc' uploaded by user Ahmed.
[2025-01-04 03:10:08] Server directories initialized successfully.
[2025-01-04 03:10:11] Checked existence of user Ahmed: Exists.
[2025-01-04 03:10:11] Public key successfully loaded for user Ahmed.
[2025-01-04 03:10:16] User Ahmed successfully authenticated.
[2025-01-04 03:10:20] User Ahmed accessed the file list: .
[2025-01-04 03:10:30] Starting COBRA decryption for file 'Logo_original.png.enc' by user Ahmed.
[2025-01-04 03:10:30] COBRA decryption completed for file 'Logo_original.png.enc'.
[2025-01-04 03:10:30] Public key successfully loaded for user Ahmed.
[2025-01-04 03:10:30] HMAC verification succeeded for file 'Logo_original.png.enc' uploaded by user Ahmed.
[2025-01-04 03:10:33] Data successfully encrypted with RSA for file 'Logo_original.png.enc'.
[2025-01-04 03:10:33] File 'Logo_original.png.enc' successfully stored for user Ahmed.
[2025-01-04 03:10:52] Error: File '2' not found for user Ahmed.
[2025-01-04 03:10:59] Server directories initialized successfully.
[2025-01-04 03:11:03] Checked existence of user Ahmed: Exists.
[2025-01-04 03:11:03] Public key successfully loaded for user Ahmed.
[2025-01-04 03:11:08] User Ahmed successfully authenticated.
[2025-01-04 03:11:09] User Ahmed accessed the file list: Logo_original.png.enc.
[2025-01-04 03:11:15] File 'Logo_original.png.enc' retrieved successfully for user Ahmed.
[2025-01-04 03:11:15] HMAC generated for file 'Logo_original.png.enc' for user Ahmed.
[2025-01-04 03:11:16] File 'Logo_original.png.enc' encrypted with COBRA for user Ahmed.
[2025-01-04 03:11:16] HMAC verification succeeded for file 'Logo_original.png.enc' uploaded by user Ahmed.
